<?xml version="1.0" encoding="UTF-8" ?>
<testsuite tests="13" failures="0" name="Runner" time="8.748" errors="0" skipped="0">
  <properties>
    <property name="java.runtime.name" value="OpenJDK Runtime Environment"/>
    <property name="java.vm.version" value="11.0.17+8"/>
    <property name="sun.boot.library.path" value="C:\Program Files\Eclipse Adoptium\jdk-11.0.17.8-hotspot\bin"/>
    <property name="maven.multiModuleProjectDirectory" value="C:/Users/paula/IdeaProjects/qaacademy_cucumber_turma6_paula"/>
    <property name="java.vm.vendor" value="Eclipse Adoptium"/>
    <property name="java.vendor.url" value="https://adoptium.net/"/>
    <property name="guice.disable.misplaced.annotation.check" value="true"/>
    <property name="path.separator" value=";"/>
    <property name="java.vm.name" value="OpenJDK 64-Bit Server VM"/>
    <property name="sun.os.patch.level" value=""/>
    <property name="user.script" value=""/>
    <property name="user.country" value="BR"/>
    <property name="sun.java.launcher" value="SUN_STANDARD"/>
    <property name="test" value="Runner"/>
    <property name="java.vm.specification.name" value="Java Virtual Machine Specification"/>
    <property name="user.dir" value="C:\Users\paula\IdeaProjects\qaacademy_cucumber_turma6_paula"/>
    <property name="java.vm.compressedOopsMode" value="32-bit"/>
    <property name="java.runtime.version" value="11.0.17+8"/>
    <property name="java.awt.graphicsenv" value="sun.awt.Win32GraphicsEnvironment"/>
    <property name="os.arch" value="amd64"/>
    <property name="java.io.tmpdir" value="C:\Users\paula\AppData\Local\Temp\"/>
    <property name="line.separator" value="
"/>
    <property name="java.vm.specification.vendor" value="Oracle Corporation"/>
    <property name="user.variant" value=""/>
    <property name="os.name" value="Windows 11"/>
    <property name="classworlds.conf" value="C:/ProgramData/chocolatey/lib/maven/apache-maven-3.8.6/bin/m2.conf"/>
    <property name="sun.jnu.encoding" value="Cp1252"/>
    <property name="java.library.path" value="C:\Program Files\Eclipse Adoptium\jdk-11.0.17.8-hotspot\bin;C:\windows\Sun\Java\bin;C:\windows\system32;C:\windows;C:\Users\paula\bin;C:\Program Files\Git\mingw64\bin;C:\Program Files\Git\usr\local\bin;C:\Program Files\Git\usr\bin;C:\Program Files\Git\usr\bin;C:\Program Files\Git\mingw64\bin;C:\Program Files\Git\usr\bin;C:\Users\paula\bin;C:\Program Files\Eclipse Adoptium\jdk-11.0.17.8-hotspot\bin;C:\windows\system32;C:\windows;C:\windows\System32\Wbem;C:\windows\System32\WindowsPowerShell\v1.0;C:\windows\System32\OpenSSH;C:\Program Files\Git\cmd;C:\Ruby31-x64\bin;C:\ProgramData\chocolatey\bin;C:\ProgramData\chocolatey\lib\maven\apache-maven-3.8.6\bin;C:\Ruby31-x64\bin;C:\Users\paula\AppData\Local\Microsoft\WindowsApps;C:\Users\paula\AppData\Local\Programs\Microsoft VS Code\bin;C:\Users\paula\AppData\Local\GitHubDesktop\bin;C:\Allure\allure-commandline-2.17.3\allure-2.17.3\bin;C:\Program Files\Git\usr\bin\vendor_perl;C:\Program Files\Git\usr\bin\core_perl;."/>
    <property name="maven.conf" value="C:/ProgramData/chocolatey/lib/maven/apache-maven-3.8.6/conf"/>
    <property name="jdk.debug" value="release"/>
    <property name="java.class.version" value="55.0"/>
    <property name="java.specification.name" value="Java Platform API Specification"/>
    <property name="sun.management.compiler" value="HotSpot 64-Bit Tiered Compilers"/>
    <property name="os.version" value="10.0"/>
    <property name="library.jansi.path" value="C:/ProgramData/chocolatey/lib/maven/apache-maven-3.8.6/lib/jansi-native"/>
    <property name="user.home" value="C:\Users\paula"/>
    <property name="user.timezone" value="America/Sao_Paulo"/>
    <property name="java.awt.printerjob" value="sun.awt.windows.WPrinterJob"/>
    <property name="file.encoding" value="Cp1252"/>
    <property name="java.specification.version" value="11"/>
    <property name="user.name" value="paula"/>
    <property name="java.class.path" value="C:/ProgramData/chocolatey/lib/maven/apache-maven-3.8.6/boot/plexus-classworlds-2.6.0.jar"/>
    <property name="java.vm.specification.version" value="11"/>
    <property name="sun.arch.data.model" value="64"/>
    <property name="sun.java.command" value="org.codehaus.plexus.classworlds.launcher.Launcher -Dtest=Runner test"/>
    <property name="java.home" value="C:\Program Files\Eclipse Adoptium\jdk-11.0.17.8-hotspot"/>
    <property name="user.language" value="pt"/>
    <property name="java.specification.vendor" value="Oracle Corporation"/>
    <property name="awt.toolkit" value="sun.awt.windows.WToolkit"/>
    <property name="java.vm.info" value="mixed mode"/>
    <property name="java.version" value="11.0.17"/>
    <property name="java.vendor" value="Eclipse Adoptium"/>
    <property name="maven.home" value="C:\ProgramData\chocolatey\lib\maven\apache-maven-3.8.6"/>
    <property name="file.separator" value="\"/>
    <property name="java.version.date" value="2022-10-18"/>
    <property name="java.vendor.url.bug" value="https://github.com/adoptium/adoptium-support/issues"/>
    <property name="sun.io.unicode.encoding" value="UnicodeLittle"/>
    <property name="sun.cpu.endian" value="little"/>
    <property name="java.vendor.version" value="Temurin-11.0.17+8"/>
    <property name="sun.desktop" value="windows"/>
    <property name="sun.cpu.isalist" value="amd64"/>
  </properties>
  <testcase classname="Validar cadastro no site Register" name="que eu acesso o site Register &quot;https://demo.automationtesting.in/Register.html&quot;" time="6.032"/>
  <testcase classname="Validar cadastro no site Register" name="preencho o campo nome com valor &quot;Paula&quot;" time="0.305"/>
  <testcase classname="Validar cadastro no site Register" name="preencho o campo sobrenome com valor &quot;Renata&quot;" time="0.126"/>
  <testcase classname="Validar cadastro no site Register" name="preencho o campo endereço com valor &quot;Brasilandia, Almotacel&quot;" time="0.161"/>
  <testcase classname="Validar cadastro no site Register" name="preencho o campo email com valor &quot;paula.renata@testes.com&quot;" time="0.203"/>
  <testcase classname="Validar cadastro no site Register" name="preencho o campo Gender selecionando a opção &quot;FeMale&quot;" time="0.094"/>
  <testcase classname="Validar cadastro no site Register" name="preencho o campo Hobbies selecionando a opção &quot;Movies&quot;" time="0.123"/>
  <testcase classname="Validar cadastro no site Register" name="preencho o campo Skills selecionando a opção &quot;Java&quot;" time="0.173"/>
  <testcase classname="Validar cadastro no site Register" name="preencho o campo Select Country" time="0.182"/>
  <testcase classname="Validar cadastro no site Register" name="preencho o campo Ano selecionando a opção &quot;1986&quot;" time="0.135"/>
  <testcase classname="Validar cadastro no site Register" name="preencho o campo Mes selecionando a opção &quot;June&quot;" time="0.125"/>
  <testcase classname="Validar cadastro no site Register" name="preencho o campo Dia selecionando a opção &quot;7&quot;" time="0.121"/>
  <testcase classname="Validar cadastro no site Register" name="Validar cadastro no site Register" time="0.968"/>
</testsuite>